{"C:\\Users\\geral\\Desktop\\CloudPix\\backend\\src\\app.js": {"path":"C:\\Users\\geral\\Desktop\\CloudPix\\backend\\src\\app.js","statementMap":{"0":{"start":{"line":2,"column":13},"end":{"line":2,"column":28}},"1":{"start":{"line":3,"column":16},"end":{"line":3,"column":34}},"2":{"start":{"line":4,"column":13},"end":{"line":4,"column":28}},"3":{"start":{"line":5,"column":15},"end":{"line":5,"column":32}},"4":{"start":{"line":6,"column":19},"end":{"line":6,"column":49}},"5":{"start":{"line":8,"column":12},"end":{"line":8,"column":21}},"6":{"start":{"line":11,"column":0},"end":{"line":11,"column":24}},"7":{"start":{"line":12,"column":0},"end":{"line":12,"column":16}},"8":{"start":{"line":13,"column":0},"end":{"line":13,"column":28}},"9":{"start":{"line":16,"column":16},"end":{"line":22,"column":2}},"10":{"start":{"line":23,"column":0},"end":{"line":23,"column":17}},"11":{"start":{"line":26,"column":19},"end":{"line":26,"column":53}},"12":{"start":{"line":27,"column":0},"end":{"line":27,"column":48}},"13":{"start":{"line":30,"column":0},"end":{"line":30,"column":63}},"14":{"start":{"line":30,"column":35},"end":{"line":30,"column":61}},"15":{"start":{"line":33,"column":24},"end":{"line":33,"column":59}},"16":{"start":{"line":34,"column":19},"end":{"line":34,"column":49}},"17":{"start":{"line":35,"column":20},"end":{"line":35,"column":51}},"18":{"start":{"line":36,"column":24},"end":{"line":36,"column":59}},"19":{"start":{"line":37,"column":28},"end":{"line":37,"column":67}},"20":{"start":{"line":39,"column":0},"end":{"line":39,"column":43}},"21":{"start":{"line":40,"column":0},"end":{"line":40,"column":33}},"22":{"start":{"line":41,"column":0},"end":{"line":41,"column":36}},"23":{"start":{"line":42,"column":0},"end":{"line":42,"column":44}},"24":{"start":{"line":43,"column":0},"end":{"line":43,"column":52}},"25":{"start":{"line":45,"column":0},"end":{"line":45,"column":21}}},"fnMap":{"0":{"name":"(anonymous_0)","decl":{"start":{"line":30,"column":20},"end":{"line":30,"column":21}},"loc":{"start":{"line":30,"column":35},"end":{"line":30,"column":61}},"line":30}},"branchMap":{},"s":{"0":1,"1":1,"2":1,"3":1,"4":1,"5":1,"6":1,"7":1,"8":1,"9":1,"10":1,"11":1,"12":1,"13":1,"14":1,"15":1,"16":1,"17":1,"18":1,"19":1,"20":1,"21":1,"22":1,"23":1,"24":1,"25":1},"f":{"0":1},"b":{},"_coverageSchema":"1a1c01bbd47fc00a2c39e90264f33305004495a9","hash":"a47d6bbc6f1cffd62637c0daf171bc85ea84fa11"}
,"C:\\Users\\geral\\Desktop\\CloudPix\\backend\\src\\config\\baseModelConfig.js": {"path":"C:\\Users\\geral\\Desktop\\CloudPix\\backend\\src\\config\\baseModelConfig.js","statementMap":{"0":{"start":{"line":1,"column":22},"end":{"line":1,"column":42}},"1":{"start":{"line":3,"column":0},"end":{"line":31,"column":2}}},"fnMap":{},"branchMap":{},"s":{"0":1,"1":1},"f":{},"b":{},"_coverageSchema":"1a1c01bbd47fc00a2c39e90264f33305004495a9","hash":"4d6d91e64c5146d6bd1c851226be49715e389635"}
,"C:\\Users\\geral\\Desktop\\CloudPix\\backend\\src\\config\\db.js": {"path":"C:\\Users\\geral\\Desktop\\CloudPix\\backend\\src\\config\\db.js","statementMap":{"0":{"start":{"line":1,"column":22},"end":{"line":1,"column":42}},"1":{"start":{"line":2,"column":0},"end":{"line":2,"column":27}},"2":{"start":{"line":4,"column":18},"end":{"line":12,"column":1}},"3":{"start":{"line":14,"column":0},"end":{"line":14,"column":27}}},"fnMap":{},"branchMap":{},"s":{"0":1,"1":1,"2":1,"3":1},"f":{},"b":{},"_coverageSchema":"1a1c01bbd47fc00a2c39e90264f33305004495a9","hash":"ded0e03900d0157a4133120f78bbe40e273ba56f"}
,"C:\\Users\\geral\\Desktop\\CloudPix\\backend\\src\\helpers\\getExtension.js": {"path":"C:\\Users\\geral\\Desktop\\CloudPix\\backend\\src\\helpers\\getExtension.js","statementMap":{"0":{"start":{"line":1,"column":21},"end":{"line":4,"column":1}},"1":{"start":{"line":2,"column":24},"end":{"line":2,"column":43}},"2":{"start":{"line":3,"column":4},"end":{"line":3,"column":53}},"3":{"start":{"line":5,"column":0},"end":{"line":5,"column":29}}},"fnMap":{"0":{"name":"(anonymous_0)","decl":{"start":{"line":1,"column":21},"end":{"line":1,"column":22}},"loc":{"start":{"line":1,"column":35},"end":{"line":4,"column":1}},"line":1}},"branchMap":{},"s":{"0":1,"1":0,"2":0,"3":1},"f":{"0":0},"b":{},"_coverageSchema":"1a1c01bbd47fc00a2c39e90264f33305004495a9","hash":"621fcfa1e452fbaeb59ae885bdb16e405f29ede5"}
,"C:\\Users\\geral\\Desktop\\CloudPix\\backend\\src\\helpers\\validateEmail.js": {"path":"C:\\Users\\geral\\Desktop\\CloudPix\\backend\\src\\helpers\\validateEmail.js","statementMap":{"0":{"start":{"line":1,"column":22},"end":{"line":7,"column":1}},"1":{"start":{"line":2,"column":4},"end":{"line":6,"column":10}},"2":{"start":{"line":8,"column":0},"end":{"line":8,"column":31}}},"fnMap":{"0":{"name":"(anonymous_0)","decl":{"start":{"line":1,"column":22},"end":{"line":1,"column":23}},"loc":{"start":{"line":1,"column":33},"end":{"line":7,"column":1}},"line":1}},"branchMap":{},"s":{"0":1,"1":0,"2":1},"f":{"0":0},"b":{},"_coverageSchema":"1a1c01bbd47fc00a2c39e90264f33305004495a9","hash":"65b67c479d2b50be2de784855ee539d307f957d9"}
,"C:\\Users\\geral\\Desktop\\CloudPix\\backend\\src\\middleware\\authMiddleware.js": {"path":"C:\\Users\\geral\\Desktop\\CloudPix\\backend\\src\\middleware\\authMiddleware.js","statementMap":{"0":{"start":{"line":1,"column":12},"end":{"line":1,"column":35}},"1":{"start":{"line":3,"column":23},"end":{"line":14,"column":1}},"2":{"start":{"line":4,"column":18},"end":{"line":4,"column":45}},"3":{"start":{"line":5,"column":4},"end":{"line":5,"column":78}},"4":{"start":{"line":5,"column":16},"end":{"line":5,"column":78}},"5":{"start":{"line":7,"column":4},"end":{"line":13,"column":5}},"6":{"start":{"line":8,"column":24},"end":{"line":8,"column":65}},"7":{"start":{"line":9,"column":8},"end":{"line":9,"column":27}},"8":{"start":{"line":10,"column":8},"end":{"line":10,"column":15}},"9":{"start":{"line":12,"column":8},"end":{"line":12,"column":59}},"10":{"start":{"line":16,"column":0},"end":{"line":16,"column":32}}},"fnMap":{"0":{"name":"(anonymous_0)","decl":{"start":{"line":3,"column":23},"end":{"line":3,"column":24}},"loc":{"start":{"line":3,"column":43},"end":{"line":14,"column":1}},"line":3}},"branchMap":{"0":{"loc":{"start":{"line":5,"column":4},"end":{"line":5,"column":78}},"type":"if","locations":[{"start":{"line":5,"column":4},"end":{"line":5,"column":78}},{"start":{},"end":{}}],"line":5}},"s":{"0":1,"1":1,"2":0,"3":0,"4":0,"5":0,"6":0,"7":0,"8":0,"9":0,"10":1},"f":{"0":0},"b":{"0":[0,0]},"_coverageSchema":"1a1c01bbd47fc00a2c39e90264f33305004495a9","hash":"4843ae9981a1856086db1ebe97058ee2204aa12e"}
,"C:\\Users\\geral\\Desktop\\CloudPix\\backend\\src\\models\\Certifications.js": {"path":"C:\\Users\\geral\\Desktop\\CloudPix\\backend\\src\\models\\Certifications.js","statementMap":{"0":{"start":{"line":1,"column":22},"end":{"line":1,"column":42}},"1":{"start":{"line":2,"column":18},"end":{"line":2,"column":41}},"2":{"start":{"line":3,"column":34},"end":{"line":3,"column":70}},"3":{"start":{"line":5,"column":22},"end":{"line":44,"column":1}},"4":{"start":{"line":46,"column":0},"end":{"line":46,"column":31}}},"fnMap":{},"branchMap":{},"s":{"0":1,"1":1,"2":1,"3":1,"4":1},"f":{},"b":{},"_coverageSchema":"1a1c01bbd47fc00a2c39e90264f33305004495a9","hash":"c0c1da3d1b25cc013050c84dd0481f7e15d6624d"}
,"C:\\Users\\geral\\Desktop\\CloudPix\\backend\\src\\models\\Image.js": {"path":"C:\\Users\\geral\\Desktop\\CloudPix\\backend\\src\\models\\Image.js","statementMap":{"0":{"start":{"line":1,"column":22},"end":{"line":1,"column":42}},"1":{"start":{"line":2,"column":18},"end":{"line":2,"column":41}},"2":{"start":{"line":3,"column":34},"end":{"line":3,"column":70}},"3":{"start":{"line":5,"column":14},"end":{"line":20,"column":1}},"4":{"start":{"line":22,"column":0},"end":{"line":22,"column":23}}},"fnMap":{},"branchMap":{},"s":{"0":1,"1":1,"2":1,"3":1,"4":1},"f":{},"b":{},"_coverageSchema":"1a1c01bbd47fc00a2c39e90264f33305004495a9","hash":"d2c7aaa57ef1e12c4b688d17f7ee7caad9f12af6"}
,"C:\\Users\\geral\\Desktop\\CloudPix\\backend\\src\\models\\Portfolio.js": {"path":"C:\\Users\\geral\\Desktop\\CloudPix\\backend\\src\\models\\Portfolio.js","statementMap":{"0":{"start":{"line":1,"column":22},"end":{"line":1,"column":42}},"1":{"start":{"line":2,"column":18},"end":{"line":2,"column":41}},"2":{"start":{"line":3,"column":23},"end":{"line":3,"column":50}},"3":{"start":{"line":4,"column":28},"end":{"line":4,"column":60}},"4":{"start":{"line":5,"column":34},"end":{"line":5,"column":70}},"5":{"start":{"line":7,"column":18},"end":{"line":38,"column":1}},"6":{"start":{"line":40,"column":0},"end":{"line":40,"column":27}}},"fnMap":{},"branchMap":{},"s":{"0":1,"1":1,"2":1,"3":1,"4":1,"5":1,"6":1},"f":{},"b":{},"_coverageSchema":"1a1c01bbd47fc00a2c39e90264f33305004495a9","hash":"e14fc0fe0fceba2ea675060c9d71e0c84ad6968b"}
,"C:\\Users\\geral\\Desktop\\CloudPix\\backend\\src\\models\\PortfolioImage.js": {"path":"C:\\Users\\geral\\Desktop\\CloudPix\\backend\\src\\models\\PortfolioImage.js","statementMap":{"0":{"start":{"line":1,"column":22},"end":{"line":1,"column":42}},"1":{"start":{"line":2,"column":18},"end":{"line":2,"column":41}},"2":{"start":{"line":3,"column":18},"end":{"line":3,"column":40}},"3":{"start":{"line":4,"column":34},"end":{"line":4,"column":70}},"4":{"start":{"line":6,"column":23},"end":{"line":31,"column":1}},"5":{"start":{"line":33,"column":0},"end":{"line":33,"column":32}}},"fnMap":{},"branchMap":{},"s":{"0":1,"1":1,"2":1,"3":1,"4":1,"5":1},"f":{},"b":{},"_coverageSchema":"1a1c01bbd47fc00a2c39e90264f33305004495a9","hash":"04377735848c73bfd86db631273b67f329527693"}
,"C:\\Users\\geral\\Desktop\\CloudPix\\backend\\src\\models\\PortfolioKeyFeature.js": {"path":"C:\\Users\\geral\\Desktop\\CloudPix\\backend\\src\\models\\PortfolioKeyFeature.js","statementMap":{"0":{"start":{"line":1,"column":22},"end":{"line":1,"column":42}},"1":{"start":{"line":2,"column":18},"end":{"line":2,"column":41}},"2":{"start":{"line":3,"column":18},"end":{"line":3,"column":40}},"3":{"start":{"line":4,"column":34},"end":{"line":4,"column":70}},"4":{"start":{"line":6,"column":28},"end":{"line":31,"column":1}},"5":{"start":{"line":33,"column":0},"end":{"line":33,"column":37}}},"fnMap":{},"branchMap":{},"s":{"0":1,"1":1,"2":1,"3":1,"4":1,"5":1},"f":{},"b":{},"_coverageSchema":"1a1c01bbd47fc00a2c39e90264f33305004495a9","hash":"c57cbb2cbcd245c56bc23fcc87ef0e0032fb7148"}
,"C:\\Users\\geral\\Desktop\\CloudPix\\backend\\src\\models\\PortfolioTechnology.js": {"path":"C:\\Users\\geral\\Desktop\\CloudPix\\backend\\src\\models\\PortfolioTechnology.js","statementMap":{"0":{"start":{"line":1,"column":22},"end":{"line":1,"column":42}},"1":{"start":{"line":2,"column":18},"end":{"line":2,"column":41}},"2":{"start":{"line":3,"column":18},"end":{"line":3,"column":40}},"3":{"start":{"line":4,"column":34},"end":{"line":4,"column":70}},"4":{"start":{"line":6,"column":28},"end":{"line":31,"column":1}},"5":{"start":{"line":33,"column":0},"end":{"line":33,"column":37}}},"fnMap":{},"branchMap":{},"s":{"0":1,"1":1,"2":1,"3":1,"4":1,"5":1},"f":{},"b":{},"_coverageSchema":"1a1c01bbd47fc00a2c39e90264f33305004495a9","hash":"21f41d70c6df7d682b2985893fcc2b061b4cf2b8"}
,"C:\\Users\\geral\\Desktop\\CloudPix\\backend\\src\\models\\User.js": {"path":"C:\\Users\\geral\\Desktop\\CloudPix\\backend\\src\\models\\User.js","statementMap":{"0":{"start":{"line":1,"column":22},"end":{"line":1,"column":42}},"1":{"start":{"line":2,"column":26},"end":{"line":2,"column":62}},"2":{"start":{"line":3,"column":18},"end":{"line":3,"column":41}},"3":{"start":{"line":5,"column":13},"end":{"line":28,"column":1}},"4":{"start":{"line":29,"column":0},"end":{"line":29,"column":22}}},"fnMap":{},"branchMap":{},"s":{"0":1,"1":1,"2":1,"3":1,"4":1},"f":{},"b":{},"_coverageSchema":"1a1c01bbd47fc00a2c39e90264f33305004495a9","hash":"e91960fc08bb8f05df0b9cb9c4cb281a92856966"}
,"C:\\Users\\geral\\Desktop\\CloudPix\\backend\\src\\models\\index.js": {"path":"C:\\Users\\geral\\Desktop\\CloudPix\\backend\\src\\models\\index.js","statementMap":{"0":{"start":{"line":1,"column":18},"end":{"line":1,"column":41}},"1":{"start":{"line":2,"column":13},"end":{"line":2,"column":30}},"2":{"start":{"line":3,"column":14},"end":{"line":3,"column":32}},"3":{"start":{"line":4,"column":18},"end":{"line":4,"column":40}},"4":{"start":{"line":5,"column":23},"end":{"line":5,"column":50}},"5":{"start":{"line":6,"column":28},"end":{"line":6,"column":60}},"6":{"start":{"line":7,"column":28},"end":{"line":7,"column":60}},"7":{"start":{"line":8,"column":22},"end":{"line":8,"column":49}},"8":{"start":{"line":11,"column":0},"end":{"line":16,"column":3}},"9":{"start":{"line":18,"column":0},"end":{"line":21,"column":3}},"10":{"start":{"line":23,"column":0},"end":{"line":28,"column":3}},"11":{"start":{"line":30,"column":0},"end":{"line":33,"column":3}},"12":{"start":{"line":35,"column":0},"end":{"line":40,"column":3}},"13":{"start":{"line":42,"column":0},"end":{"line":45,"column":3}},"14":{"start":{"line":47,"column":0},"end":{"line":56,"column":2}}},"fnMap":{},"branchMap":{},"s":{"0":1,"1":1,"2":1,"3":1,"4":1,"5":1,"6":1,"7":1,"8":1,"9":1,"10":1,"11":1,"12":1,"13":1,"14":1},"f":{},"b":{},"_coverageSchema":"1a1c01bbd47fc00a2c39e90264f33305004495a9","hash":"a67d10e97ac1151acf94d63941ea8e0b9e45ad0c"}
,"C:\\Users\\geral\\Desktop\\CloudPix\\backend\\src\\monitoring\\Metrics.js": {"path":"C:\\Users\\geral\\Desktop\\CloudPix\\backend\\src\\monitoring\\Metrics.js","statementMap":{"0":{"start":{"line":1,"column":15},"end":{"line":1,"column":37}},"1":{"start":{"line":3,"column":21},"end":{"line":7,"column":2}},"2":{"start":{"line":9,"column":0},"end":{"line":9,"column":34}}},"fnMap":{},"branchMap":{},"s":{"0":1,"1":1,"2":1},"f":{},"b":{},"_coverageSchema":"1a1c01bbd47fc00a2c39e90264f33305004495a9","hash":"9f9a6f3b6d5a0c34f40f4f076d6a3de51dac5493"}
,"C:\\Users\\geral\\Desktop\\CloudPix\\backend\\src\\routes\\authRoutes.js": {"path":"C:\\Users\\geral\\Desktop\\CloudPix\\backend\\src\\routes\\authRoutes.js","statementMap":{"0":{"start":{"line":1,"column":16},"end":{"line":1,"column":34}},"1":{"start":{"line":2,"column":15},"end":{"line":2,"column":34}},"2":{"start":{"line":3,"column":12},"end":{"line":3,"column":35}},"3":{"start":{"line":4,"column":23},"end":{"line":4,"column":62}},"4":{"start":{"line":5,"column":17},"end":{"line":5,"column":37}},"5":{"start":{"line":6,"column":18},"end":{"line":6,"column":41}},"6":{"start":{"line":7,"column":22},"end":{"line":7,"column":57}},"7":{"start":{"line":9,"column":15},"end":{"line":9,"column":31}},"8":{"start":{"line":12,"column":0},"end":{"line":63,"column":3}},"9":{"start":{"line":13,"column":42},"end":{"line":13,"column":50}},"10":{"start":{"line":14,"column":14},"end":{"line":14,"column":43}},"11":{"start":{"line":16,"column":4},"end":{"line":62,"column":5}},"12":{"start":{"line":17,"column":8},"end":{"line":21,"column":9}},"13":{"start":{"line":18,"column":12},"end":{"line":20,"column":15}},"14":{"start":{"line":23,"column":8},"end":{"line":27,"column":9}},"15":{"start":{"line":24,"column":12},"end":{"line":26,"column":15}},"16":{"start":{"line":29,"column":8},"end":{"line":33,"column":9}},"17":{"start":{"line":30,"column":12},"end":{"line":32,"column":15}},"18":{"start":{"line":35,"column":8},"end":{"line":40,"column":9}},"19":{"start":{"line":36,"column":12},"end":{"line":39,"column":15}},"20":{"start":{"line":42,"column":33},"end":{"line":42,"column":73}},"21":{"start":{"line":43,"column":8},"end":{"line":47,"column":9}},"22":{"start":{"line":44,"column":12},"end":{"line":46,"column":63}},"23":{"start":{"line":48,"column":31},"end":{"line":48,"column":62}},"24":{"start":{"line":49,"column":21},"end":{"line":56,"column":9}},"25":{"start":{"line":57,"column":8},"end":{"line":57,"column":25}},"26":{"start":{"line":58,"column":8},"end":{"line":58,"column":23}},"27":{"start":{"line":60,"column":8},"end":{"line":60,"column":27}},"28":{"start":{"line":61,"column":8},"end":{"line":61,"column":55}},"29":{"start":{"line":66,"column":0},"end":{"line":89,"column":3}},"30":{"start":{"line":67,"column":32},"end":{"line":67,"column":40}},"31":{"start":{"line":69,"column":4},"end":{"line":88,"column":5}},"32":{"start":{"line":70,"column":21},"end":{"line":70,"column":61}},"33":{"start":{"line":71,"column":8},"end":{"line":72,"column":76}},"34":{"start":{"line":72,"column":12},"end":{"line":72,"column":76}},"35":{"start":{"line":74,"column":24},"end":{"line":74,"column":69}},"36":{"start":{"line":75,"column":8},"end":{"line":76,"column":76}},"37":{"start":{"line":76,"column":12},"end":{"line":76,"column":76}},"38":{"start":{"line":78,"column":22},"end":{"line":82,"column":9}},"39":{"start":{"line":83,"column":56},"end":{"line":83,"column":71}},"40":{"start":{"line":85,"column":8},"end":{"line":85,"column":55}},"41":{"start":{"line":87,"column":8},"end":{"line":87,"column":55}},"42":{"start":{"line":91,"column":0},"end":{"line":99,"column":3}},"43":{"start":{"line":92,"column":17},"end":{"line":92,"column":67}},"44":{"start":{"line":93,"column":4},"end":{"line":93,"column":73}},"45":{"start":{"line":93,"column":15},"end":{"line":93,"column":73}},"46":{"start":{"line":95,"column":4},"end":{"line":98,"column":7}},"47":{"start":{"line":101,"column":0},"end":{"line":101,"column":24}}},"fnMap":{"0":{"name":"(anonymous_0)","decl":{"start":{"line":12,"column":25},"end":{"line":12,"column":26}},"loc":{"start":{"line":12,"column":45},"end":{"line":63,"column":1}},"line":12},"1":{"name":"(anonymous_1)","decl":{"start":{"line":66,"column":22},"end":{"line":66,"column":23}},"loc":{"start":{"line":66,"column":42},"end":{"line":89,"column":1}},"line":66},"2":{"name":"(anonymous_2)","decl":{"start":{"line":91,"column":34},"end":{"line":91,"column":35}},"loc":{"start":{"line":91,"column":54},"end":{"line":99,"column":1}},"line":91}},"branchMap":{"0":{"loc":{"start":{"line":17,"column":8},"end":{"line":21,"column":9}},"type":"if","locations":[{"start":{"line":17,"column":8},"end":{"line":21,"column":9}},{"start":{},"end":{}}],"line":17},"1":{"loc":{"start":{"line":17,"column":12},"end":{"line":17,"column":53}},"type":"binary-expr","locations":[{"start":{"line":17,"column":12},"end":{"line":17,"column":21}},{"start":{"line":17,"column":25},"end":{"line":17,"column":53}}],"line":17},"2":{"loc":{"start":{"line":23,"column":8},"end":{"line":27,"column":9}},"type":"if","locations":[{"start":{"line":23,"column":8},"end":{"line":27,"column":9}},{"start":{},"end":{}}],"line":23},"3":{"loc":{"start":{"line":23,"column":12},"end":{"line":23,"column":53}},"type":"binary-expr","locations":[{"start":{"line":23,"column":12},"end":{"line":23,"column":21}},{"start":{"line":23,"column":25},"end":{"line":23,"column":53}}],"line":23},"4":{"loc":{"start":{"line":29,"column":8},"end":{"line":33,"column":9}},"type":"if","locations":[{"start":{"line":29,"column":8},"end":{"line":33,"column":9}},{"start":{},"end":{}}],"line":29},"5":{"loc":{"start":{"line":29,"column":12},"end":{"line":29,"column":47}},"type":"binary-expr","locations":[{"start":{"line":29,"column":12},"end":{"line":29,"column":18}},{"start":{"line":29,"column":22},"end":{"line":29,"column":47}}],"line":29},"6":{"loc":{"start":{"line":35,"column":8},"end":{"line":40,"column":9}},"type":"if","locations":[{"start":{"line":35,"column":8},"end":{"line":40,"column":9}},{"start":{},"end":{}}],"line":35},"7":{"loc":{"start":{"line":43,"column":8},"end":{"line":47,"column":9}},"type":"if","locations":[{"start":{"line":43,"column":8},"end":{"line":47,"column":9}},{"start":{},"end":{}}],"line":43},"8":{"loc":{"start":{"line":71,"column":8},"end":{"line":72,"column":76}},"type":"if","locations":[{"start":{"line":71,"column":8},"end":{"line":72,"column":76}},{"start":{},"end":{}}],"line":71},"9":{"loc":{"start":{"line":75,"column":8},"end":{"line":76,"column":76}},"type":"if","locations":[{"start":{"line":75,"column":8},"end":{"line":76,"column":76}},{"start":{},"end":{}}],"line":75},"10":{"loc":{"start":{"line":93,"column":4},"end":{"line":93,"column":73}},"type":"if","locations":[{"start":{"line":93,"column":4},"end":{"line":93,"column":73}},{"start":{},"end":{}}],"line":93}},"s":{"0":1,"1":1,"2":1,"3":1,"4":1,"5":1,"6":1,"7":1,"8":1,"9":0,"10":0,"11":0,"12":0,"13":0,"14":0,"15":0,"16":0,"17":0,"18":0,"19":0,"20":0,"21":0,"22":0,"23":0,"24":0,"25":0,"26":0,"27":0,"28":0,"29":1,"30":0,"31":0,"32":0,"33":0,"34":0,"35":0,"36":0,"37":0,"38":0,"39":0,"40":0,"41":0,"42":1,"43":0,"44":0,"45":0,"46":0,"47":1},"f":{"0":0,"1":0,"2":0},"b":{"0":[0,0],"1":[0,0],"2":[0,0],"3":[0,0],"4":[0,0],"5":[0,0],"6":[0,0],"7":[0,0],"8":[0,0],"9":[0,0],"10":[0,0]},"_coverageSchema":"1a1c01bbd47fc00a2c39e90264f33305004495a9","hash":"d80b7a9b946ff8ab6b72e93b834858eccdceed25"}
,"C:\\Users\\geral\\Desktop\\CloudPix\\backend\\src\\routes\\certificationRoutes.js": {"path":"C:\\Users\\geral\\Desktop\\CloudPix\\backend\\src\\routes\\certificationRoutes.js","statementMap":{"0":{"start":{"line":1,"column":16},"end":{"line":1,"column":34}},"1":{"start":{"line":2,"column":15},"end":{"line":2,"column":32}},"2":{"start":{"line":3,"column":26},"end":{"line":3,"column":46}},"3":{"start":{"line":4,"column":23},"end":{"line":4,"column":62}},"4":{"start":{"line":5,"column":18},"end":{"line":5,"column":41}},"5":{"start":{"line":6,"column":21},"end":{"line":6,"column":55}},"6":{"start":{"line":8,"column":15},"end":{"line":8,"column":31}},"7":{"start":{"line":10,"column":16},"end":{"line":14,"column":2}},"8":{"start":{"line":11,"column":36},"end":{"line":11,"column":57}},"9":{"start":{"line":13,"column":8},"end":{"line":13,"column":67}},"10":{"start":{"line":16,"column":15},"end":{"line":16,"column":34}},"11":{"start":{"line":18,"column":0},"end":{"line":27,"column":3}},"12":{"start":{"line":19,"column":4},"end":{"line":26,"column":5}},"13":{"start":{"line":20,"column":31},"end":{"line":22,"column":10}},"14":{"start":{"line":23,"column":8},"end":{"line":23,"column":45}},"15":{"start":{"line":25,"column":8},"end":{"line":25,"column":55}},"16":{"start":{"line":29,"column":0},"end":{"line":36,"column":3}},"17":{"start":{"line":30,"column":4},"end":{"line":35,"column":5}},"18":{"start":{"line":31,"column":31},"end":{"line":31,"column":60}},"19":{"start":{"line":32,"column":8},"end":{"line":32,"column":45}},"20":{"start":{"line":34,"column":8},"end":{"line":34,"column":55}},"21":{"start":{"line":38,"column":0},"end":{"line":110,"column":2}},"22":{"start":{"line":43,"column":18},"end":{"line":43,"column":47}},"23":{"start":{"line":44,"column":8},"end":{"line":108,"column":9}},"24":{"start":{"line":49,"column":16},"end":{"line":51,"column":26}},"25":{"start":{"line":53,"column":12},"end":{"line":100,"column":13}},"26":{"start":{"line":54,"column":16},"end":{"line":56,"column":19}},"27":{"start":{"line":58,"column":16},"end":{"line":85,"column":17}},"28":{"start":{"line":59,"column":20},"end":{"line":70,"column":22}},"29":{"start":{"line":72,"column":20},"end":{"line":84,"column":22}},"30":{"start":{"line":87,"column":16},"end":{"line":99,"column":18}},"31":{"start":{"line":102,"column":12},"end":{"line":102,"column":29}},"32":{"start":{"line":104,"column":12},"end":{"line":104,"column":36}},"33":{"start":{"line":106,"column":12},"end":{"line":106,"column":31}},"34":{"start":{"line":107,"column":12},"end":{"line":107,"column":59}},"35":{"start":{"line":112,"column":0},"end":{"line":127,"column":3}},"36":{"start":{"line":113,"column":4},"end":{"line":126,"column":5}},"37":{"start":{"line":114,"column":32},"end":{"line":114,"column":44}},"38":{"start":{"line":115,"column":8},"end":{"line":119,"column":9}},"39":{"start":{"line":116,"column":12},"end":{"line":118,"column":67}},"40":{"start":{"line":120,"column":30},"end":{"line":122,"column":10}},"41":{"start":{"line":123,"column":8},"end":{"line":123,"column":44}},"42":{"start":{"line":125,"column":8},"end":{"line":125,"column":55}},"43":{"start":{"line":128,"column":0},"end":{"line":143,"column":3}},"44":{"start":{"line":129,"column":4},"end":{"line":142,"column":5}},"45":{"start":{"line":130,"column":32},"end":{"line":130,"column":44}},"46":{"start":{"line":131,"column":8},"end":{"line":135,"column":9}},"47":{"start":{"line":132,"column":12},"end":{"line":134,"column":67}},"48":{"start":{"line":136,"column":30},"end":{"line":138,"column":10}},"49":{"start":{"line":139,"column":8},"end":{"line":139,"column":44}},"50":{"start":{"line":141,"column":8},"end":{"line":141,"column":55}},"51":{"start":{"line":144,"column":0},"end":{"line":168,"column":3}},"52":{"start":{"line":145,"column":4},"end":{"line":167,"column":5}},"53":{"start":{"line":146,"column":32},"end":{"line":146,"column":44}},"54":{"start":{"line":147,"column":8},"end":{"line":151,"column":9}},"55":{"start":{"line":148,"column":12},"end":{"line":150,"column":67}},"56":{"start":{"line":152,"column":30},"end":{"line":154,"column":10}},"57":{"start":{"line":155,"column":8},"end":{"line":159,"column":9}},"58":{"start":{"line":156,"column":12},"end":{"line":158,"column":66}},"59":{"start":{"line":161,"column":8},"end":{"line":163,"column":11}},"60":{"start":{"line":164,"column":8},"end":{"line":164,"column":67}},"61":{"start":{"line":166,"column":8},"end":{"line":166,"column":55}},"62":{"start":{"line":170,"column":0},"end":{"line":183,"column":2}},"63":{"start":{"line":174,"column":8},"end":{"line":181,"column":9}},"64":{"start":{"line":175,"column":35},"end":{"line":177,"column":14}},"65":{"start":{"line":178,"column":12},"end":{"line":178,"column":49}},"66":{"start":{"line":180,"column":12},"end":{"line":180,"column":59}},"67":{"start":{"line":185,"column":0},"end":{"line":185,"column":24}}},"fnMap":{"0":{"name":"(anonymous_0)","decl":{"start":{"line":11,"column":17},"end":{"line":11,"column":18}},"loc":{"start":{"line":11,"column":36},"end":{"line":11,"column":57}},"line":11},"1":{"name":"(anonymous_1)","decl":{"start":{"line":12,"column":14},"end":{"line":12,"column":15}},"loc":{"start":{"line":13,"column":8},"end":{"line":13,"column":67}},"line":13},"2":{"name":"(anonymous_2)","decl":{"start":{"line":18,"column":32},"end":{"line":18,"column":33}},"loc":{"start":{"line":18,"column":52},"end":{"line":27,"column":1}},"line":18},"3":{"name":"(anonymous_3)","decl":{"start":{"line":29,"column":23},"end":{"line":29,"column":24}},"loc":{"start":{"line":29,"column":43},"end":{"line":36,"column":1}},"line":29},"4":{"name":"(anonymous_4)","decl":{"start":{"line":42,"column":4},"end":{"line":42,"column":5}},"loc":{"start":{"line":42,"column":24},"end":{"line":109,"column":5}},"line":42},"5":{"name":"(anonymous_5)","decl":{"start":{"line":112,"column":56},"end":{"line":112,"column":57}},"loc":{"start":{"line":112,"column":76},"end":{"line":127,"column":1}},"line":112},"6":{"name":"(anonymous_6)","decl":{"start":{"line":128,"column":45},"end":{"line":128,"column":46}},"loc":{"start":{"line":128,"column":65},"end":{"line":143,"column":1}},"line":128},"7":{"name":"(anonymous_7)","decl":{"start":{"line":144,"column":55},"end":{"line":144,"column":56}},"loc":{"start":{"line":144,"column":75},"end":{"line":168,"column":1}},"line":144},"8":{"name":"(anonymous_8)","decl":{"start":{"line":173,"column":4},"end":{"line":173,"column":5}},"loc":{"start":{"line":173,"column":24},"end":{"line":182,"column":5}},"line":173}},"branchMap":{"0":{"loc":{"start":{"line":49,"column":16},"end":{"line":51,"column":26}},"type":"cond-expr","locations":[{"start":{"line":50,"column":22},"end":{"line":50,"column":49}},{"start":{"line":51,"column":22},"end":{"line":51,"column":26}}],"line":49},"1":{"loc":{"start":{"line":49,"column":16},"end":{"line":49,"column":44}},"type":"binary-expr","locations":[{"start":{"line":49,"column":16},"end":{"line":49,"column":25}},{"start":{"line":49,"column":29},"end":{"line":49,"column":44}}],"line":49},"2":{"loc":{"start":{"line":53,"column":12},"end":{"line":100,"column":13}},"type":"if","locations":[{"start":{"line":53,"column":12},"end":{"line":100,"column":13}},{"start":{"line":86,"column":19},"end":{"line":100,"column":13}}],"line":53},"3":{"loc":{"start":{"line":58,"column":16},"end":{"line":85,"column":17}},"type":"if","locations":[{"start":{"line":58,"column":16},"end":{"line":85,"column":17}},{"start":{"line":71,"column":23},"end":{"line":85,"column":17}}],"line":58},"4":{"loc":{"start":{"line":67,"column":39},"end":{"line":67,"column":75}},"type":"binary-expr","locations":[{"start":{"line":67,"column":39},"end":{"line":67,"column":48}},{"start":{"line":67,"column":52},"end":{"line":67,"column":75}}],"line":67},"5":{"loc":{"start":{"line":115,"column":8},"end":{"line":119,"column":9}},"type":"if","locations":[{"start":{"line":115,"column":8},"end":{"line":119,"column":9}},{"start":{},"end":{}}],"line":115},"6":{"loc":{"start":{"line":131,"column":8},"end":{"line":135,"column":9}},"type":"if","locations":[{"start":{"line":131,"column":8},"end":{"line":135,"column":9}},{"start":{},"end":{}}],"line":131},"7":{"loc":{"start":{"line":147,"column":8},"end":{"line":151,"column":9}},"type":"if","locations":[{"start":{"line":147,"column":8},"end":{"line":151,"column":9}},{"start":{},"end":{}}],"line":147},"8":{"loc":{"start":{"line":155,"column":8},"end":{"line":159,"column":9}},"type":"if","locations":[{"start":{"line":155,"column":8},"end":{"line":159,"column":9}},{"start":{},"end":{}}],"line":155}},"s":{"0":1,"1":1,"2":1,"3":1,"4":1,"5":1,"6":1,"7":1,"8":0,"9":0,"10":1,"11":1,"12":0,"13":0,"14":0,"15":0,"16":1,"17":0,"18":0,"19":0,"20":0,"21":1,"22":0,"23":0,"24":0,"25":0,"26":0,"27":0,"28":0,"29":0,"30":0,"31":0,"32":0,"33":0,"34":0,"35":1,"36":0,"37":0,"38":0,"39":0,"40":0,"41":0,"42":0,"43":1,"44":0,"45":0,"46":0,"47":0,"48":0,"49":0,"50":0,"51":1,"52":0,"53":0,"54":0,"55":0,"56":0,"57":0,"58":0,"59":0,"60":0,"61":0,"62":1,"63":0,"64":0,"65":0,"66":0,"67":1},"f":{"0":0,"1":0,"2":0,"3":0,"4":0,"5":0,"6":0,"7":0,"8":0},"b":{"0":[0,0],"1":[0,0],"2":[0,0],"3":[0,0],"4":[0,0],"5":[0,0],"6":[0,0],"7":[0,0],"8":[0,0]},"_coverageSchema":"1a1c01bbd47fc00a2c39e90264f33305004495a9","hash":"aa2f963a0675510dec6be9cea0acbd5be7c0bdee"}
,"C:\\Users\\geral\\Desktop\\CloudPix\\backend\\src\\routes\\dashboardRoutes.js": {"path":"C:\\Users\\geral\\Desktop\\CloudPix\\backend\\src\\routes\\dashboardRoutes.js","statementMap":{"0":{"start":{"line":1,"column":16},"end":{"line":1,"column":34}},"1":{"start":{"line":2,"column":15},"end":{"line":2,"column":32}},"2":{"start":{"line":3,"column":37},"end":{"line":3,"column":57}},"3":{"start":{"line":4,"column":23},"end":{"line":4,"column":62}},"4":{"start":{"line":5,"column":18},"end":{"line":5,"column":41}},"5":{"start":{"line":7,"column":15},"end":{"line":7,"column":31}},"6":{"start":{"line":9,"column":0},"end":{"line":24,"column":3}},"7":{"start":{"line":10,"column":4},"end":{"line":23,"column":5}},"8":{"start":{"line":11,"column":33},"end":{"line":13,"column":10}},"9":{"start":{"line":14,"column":37},"end":{"line":16,"column":10}},"10":{"start":{"line":17,"column":8},"end":{"line":20,"column":11}},"11":{"start":{"line":22,"column":8},"end":{"line":22,"column":55}},"12":{"start":{"line":26,"column":0},"end":{"line":26,"column":24}}},"fnMap":{"0":{"name":"(anonymous_0)","decl":{"start":{"line":9,"column":51},"end":{"line":9,"column":52}},"loc":{"start":{"line":9,"column":71},"end":{"line":24,"column":1}},"line":9}},"branchMap":{},"s":{"0":1,"1":1,"2":1,"3":1,"4":1,"5":1,"6":1,"7":0,"8":0,"9":0,"10":0,"11":0,"12":1},"f":{"0":0},"b":{},"_coverageSchema":"1a1c01bbd47fc00a2c39e90264f33305004495a9","hash":"bdcb68f16b56fe2e3a43b4e410aa73934642e0d0"}
,"C:\\Users\\geral\\Desktop\\CloudPix\\backend\\src\\routes\\imageRoutes.js": {"path":"C:\\Users\\geral\\Desktop\\CloudPix\\backend\\src\\routes\\imageRoutes.js","statementMap":{"0":{"start":{"line":1,"column":16},"end":{"line":1,"column":34}},"1":{"start":{"line":2,"column":15},"end":{"line":2,"column":32}},"2":{"start":{"line":3,"column":23},"end":{"line":3,"column":62}},"3":{"start":{"line":4,"column":25},"end":{"line":4,"column":59}},"4":{"start":{"line":5,"column":18},"end":{"line":5,"column":41}},"5":{"start":{"line":6,"column":18},"end":{"line":6,"column":38}},"6":{"start":{"line":7,"column":25},"end":{"line":7,"column":57}},"7":{"start":{"line":9,"column":15},"end":{"line":9,"column":31}},"8":{"start":{"line":11,"column":16},"end":{"line":15,"column":2}},"9":{"start":{"line":12,"column":36},"end":{"line":12,"column":57}},"10":{"start":{"line":14,"column":8},"end":{"line":14,"column":67}},"11":{"start":{"line":17,"column":15},"end":{"line":17,"column":34}},"12":{"start":{"line":20,"column":0},"end":{"line":27,"column":3}},"13":{"start":{"line":21,"column":4},"end":{"line":26,"column":5}},"14":{"start":{"line":22,"column":23},"end":{"line":22,"column":78}},"15":{"start":{"line":23,"column":8},"end":{"line":23,"column":25}},"16":{"start":{"line":25,"column":8},"end":{"line":25,"column":55}},"17":{"start":{"line":30,"column":0},"end":{"line":58,"column":2}},"18":{"start":{"line":35,"column":18},"end":{"line":35,"column":47}},"19":{"start":{"line":36,"column":8},"end":{"line":56,"column":9}},"20":{"start":{"line":37,"column":26},"end":{"line":43,"column":13}},"21":{"start":{"line":45,"column":12},"end":{"line":45,"column":29}},"22":{"start":{"line":47,"column":12},"end":{"line":47,"column":52}},"23":{"start":{"line":49,"column":12},"end":{"line":49,"column":28}},"24":{"start":{"line":51,"column":12},"end":{"line":51,"column":31}},"25":{"start":{"line":53,"column":12},"end":{"line":53,"column":52}},"26":{"start":{"line":55,"column":12},"end":{"line":55,"column":59}},"27":{"start":{"line":60,"column":0},"end":{"line":60,"column":24}}},"fnMap":{"0":{"name":"(anonymous_0)","decl":{"start":{"line":12,"column":17},"end":{"line":12,"column":18}},"loc":{"start":{"line":12,"column":36},"end":{"line":12,"column":57}},"line":12},"1":{"name":"(anonymous_1)","decl":{"start":{"line":13,"column":14},"end":{"line":13,"column":15}},"loc":{"start":{"line":14,"column":8},"end":{"line":14,"column":67}},"line":14},"2":{"name":"(anonymous_2)","decl":{"start":{"line":20,"column":32},"end":{"line":20,"column":33}},"loc":{"start":{"line":20,"column":52},"end":{"line":27,"column":1}},"line":20},"3":{"name":"(anonymous_3)","decl":{"start":{"line":34,"column":4},"end":{"line":34,"column":5}},"loc":{"start":{"line":34,"column":24},"end":{"line":57,"column":5}},"line":34}},"branchMap":{},"s":{"0":1,"1":1,"2":1,"3":1,"4":1,"5":1,"6":1,"7":1,"8":1,"9":0,"10":0,"11":1,"12":1,"13":0,"14":0,"15":0,"16":0,"17":1,"18":0,"19":0,"20":0,"21":0,"22":0,"23":0,"24":0,"25":0,"26":0,"27":1},"f":{"0":0,"1":0,"2":0,"3":0},"b":{},"_coverageSchema":"1a1c01bbd47fc00a2c39e90264f33305004495a9","hash":"ec185cfc870715634b840b6b1eb68793cd26ebca"}
,"C:\\Users\\geral\\Desktop\\CloudPix\\backend\\src\\routes\\portfolioRoutes.js": {"path":"C:\\Users\\geral\\Desktop\\CloudPix\\backend\\src\\routes\\portfolioRoutes.js","statementMap":{"0":{"start":{"line":1,"column":16},"end":{"line":1,"column":34}},"1":{"start":{"line":2,"column":15},"end":{"line":2,"column":32}},"2":{"start":{"line":8,"column":4},"end":{"line":8,"column":24}},"3":{"start":{"line":9,"column":23},"end":{"line":9,"column":62}},"4":{"start":{"line":10,"column":18},"end":{"line":10,"column":41}},"5":{"start":{"line":11,"column":21},"end":{"line":11,"column":55}},"6":{"start":{"line":13,"column":15},"end":{"line":13,"column":31}},"7":{"start":{"line":15,"column":16},"end":{"line":19,"column":2}},"8":{"start":{"line":16,"column":36},"end":{"line":16,"column":57}},"9":{"start":{"line":18,"column":8},"end":{"line":18,"column":67}},"10":{"start":{"line":21,"column":15},"end":{"line":21,"column":34}},"11":{"start":{"line":23,"column":0},"end":{"line":46,"column":3}},"12":{"start":{"line":24,"column":4},"end":{"line":45,"column":5}},"13":{"start":{"line":25,"column":27},"end":{"line":41,"column":10}},"14":{"start":{"line":42,"column":8},"end":{"line":42,"column":41}},"15":{"start":{"line":44,"column":8},"end":{"line":44,"column":55}},"16":{"start":{"line":48,"column":0},"end":{"line":70,"column":3}},"17":{"start":{"line":49,"column":4},"end":{"line":69,"column":5}},"18":{"start":{"line":50,"column":27},"end":{"line":65,"column":10}},"19":{"start":{"line":66,"column":8},"end":{"line":66,"column":41}},"20":{"start":{"line":68,"column":8},"end":{"line":68,"column":55}},"21":{"start":{"line":72,"column":0},"end":{"line":205,"column":2}},"22":{"start":{"line":82,"column":18},"end":{"line":82,"column":47}},"23":{"start":{"line":83,"column":8},"end":{"line":203,"column":9}},"24":{"start":{"line":84,"column":31},"end":{"line":84,"column":72}},"25":{"start":{"line":85,"column":30},"end":{"line":85,"column":70}},"26":{"start":{"line":88,"column":12},"end":{"line":129,"column":13}},"27":{"start":{"line":89,"column":16},"end":{"line":91,"column":19}},"28":{"start":{"line":93,"column":16},"end":{"line":116,"column":17}},"29":{"start":{"line":94,"column":20},"end":{"line":103,"column":22}},"30":{"start":{"line":105,"column":20},"end":{"line":115,"column":22}},"31":{"start":{"line":118,"column":16},"end":{"line":128,"column":18}},"32":{"start":{"line":131,"column":12},"end":{"line":151,"column":13}},"33":{"start":{"line":132,"column":16},"end":{"line":137,"column":17}},"34":{"start":{"line":133,"column":20},"end":{"line":136,"column":23}},"35":{"start":{"line":139,"column":16},"end":{"line":150,"column":18}},"36":{"start":{"line":141,"column":24},"end":{"line":148,"column":25}},"37":{"start":{"line":153,"column":12},"end":{"line":173,"column":13}},"38":{"start":{"line":154,"column":16},"end":{"line":159,"column":17}},"39":{"start":{"line":155,"column":20},"end":{"line":158,"column":23}},"40":{"start":{"line":161,"column":16},"end":{"line":172,"column":18}},"41":{"start":{"line":163,"column":24},"end":{"line":170,"column":25}},"42":{"start":{"line":175,"column":12},"end":{"line":195,"column":13}},"43":{"start":{"line":176,"column":16},"end":{"line":181,"column":17}},"44":{"start":{"line":177,"column":20},"end":{"line":180,"column":23}},"45":{"start":{"line":183,"column":16},"end":{"line":194,"column":18}},"46":{"start":{"line":185,"column":24},"end":{"line":192,"column":25}},"47":{"start":{"line":197,"column":12},"end":{"line":197,"column":29}},"48":{"start":{"line":199,"column":12},"end":{"line":199,"column":32}},"49":{"start":{"line":201,"column":12},"end":{"line":201,"column":31}},"50":{"start":{"line":202,"column":12},"end":{"line":202,"column":59}},"51":{"start":{"line":207,"column":0},"end":{"line":236,"column":3}},"52":{"start":{"line":208,"column":4},"end":{"line":235,"column":5}},"53":{"start":{"line":209,"column":28},"end":{"line":209,"column":40}},"54":{"start":{"line":210,"column":8},"end":{"line":214,"column":9}},"55":{"start":{"line":211,"column":12},"end":{"line":213,"column":63}},"56":{"start":{"line":215,"column":26},"end":{"line":231,"column":10}},"57":{"start":{"line":232,"column":8},"end":{"line":232,"column":40}},"58":{"start":{"line":234,"column":8},"end":{"line":234,"column":55}},"59":{"start":{"line":237,"column":0},"end":{"line":266,"column":3}},"60":{"start":{"line":238,"column":4},"end":{"line":265,"column":5}},"61":{"start":{"line":239,"column":28},"end":{"line":239,"column":40}},"62":{"start":{"line":240,"column":8},"end":{"line":244,"column":9}},"63":{"start":{"line":241,"column":12},"end":{"line":243,"column":63}},"64":{"start":{"line":245,"column":26},"end":{"line":261,"column":10}},"65":{"start":{"line":262,"column":8},"end":{"line":262,"column":40}},"66":{"start":{"line":264,"column":8},"end":{"line":264,"column":55}},"67":{"start":{"line":267,"column":0},"end":{"line":289,"column":3}},"68":{"start":{"line":268,"column":4},"end":{"line":288,"column":5}},"69":{"start":{"line":269,"column":28},"end":{"line":269,"column":40}},"70":{"start":{"line":270,"column":8},"end":{"line":274,"column":9}},"71":{"start":{"line":271,"column":12},"end":{"line":273,"column":63}},"72":{"start":{"line":275,"column":26},"end":{"line":277,"column":10}},"73":{"start":{"line":278,"column":8},"end":{"line":280,"column":9}},"74":{"start":{"line":279,"column":12},"end":{"line":279,"column":80}},"75":{"start":{"line":282,"column":8},"end":{"line":284,"column":11}},"76":{"start":{"line":285,"column":8},"end":{"line":285,"column":63}},"77":{"start":{"line":287,"column":8},"end":{"line":287,"column":55}},"78":{"start":{"line":291,"column":0},"end":{"line":304,"column":2}},"79":{"start":{"line":295,"column":8},"end":{"line":302,"column":9}},"80":{"start":{"line":296,"column":31},"end":{"line":298,"column":14}},"81":{"start":{"line":299,"column":12},"end":{"line":299,"column":45}},"82":{"start":{"line":301,"column":12},"end":{"line":301,"column":59}},"83":{"start":{"line":306,"column":0},"end":{"line":306,"column":24}}},"fnMap":{"0":{"name":"(anonymous_0)","decl":{"start":{"line":16,"column":17},"end":{"line":16,"column":18}},"loc":{"start":{"line":16,"column":36},"end":{"line":16,"column":57}},"line":16},"1":{"name":"(anonymous_1)","decl":{"start":{"line":17,"column":14},"end":{"line":17,"column":15}},"loc":{"start":{"line":18,"column":8},"end":{"line":18,"column":67}},"line":18},"2":{"name":"(anonymous_2)","decl":{"start":{"line":23,"column":32},"end":{"line":23,"column":33}},"loc":{"start":{"line":23,"column":52},"end":{"line":46,"column":1}},"line":23},"3":{"name":"(anonymous_3)","decl":{"start":{"line":48,"column":23},"end":{"line":48,"column":24}},"loc":{"start":{"line":48,"column":43},"end":{"line":70,"column":1}},"line":48},"4":{"name":"(anonymous_4)","decl":{"start":{"line":81,"column":4},"end":{"line":81,"column":5}},"loc":{"start":{"line":81,"column":24},"end":{"line":204,"column":5}},"line":81},"5":{"name":"(anonymous_5)","decl":{"start":{"line":140,"column":41},"end":{"line":140,"column":42}},"loc":{"start":{"line":141,"column":24},"end":{"line":148,"column":25}},"line":141},"6":{"name":"(anonymous_6)","decl":{"start":{"line":162,"column":37},"end":{"line":162,"column":38}},"loc":{"start":{"line":163,"column":24},"end":{"line":170,"column":25}},"line":163},"7":{"name":"(anonymous_7)","decl":{"start":{"line":184,"column":36},"end":{"line":184,"column":37}},"loc":{"start":{"line":185,"column":24},"end":{"line":192,"column":25}},"line":185},"8":{"name":"(anonymous_8)","decl":{"start":{"line":207,"column":52},"end":{"line":207,"column":53}},"loc":{"start":{"line":207,"column":72},"end":{"line":236,"column":1}},"line":207},"9":{"name":"(anonymous_9)","decl":{"start":{"line":237,"column":41},"end":{"line":237,"column":42}},"loc":{"start":{"line":237,"column":61},"end":{"line":266,"column":1}},"line":237},"10":{"name":"(anonymous_10)","decl":{"start":{"line":267,"column":51},"end":{"line":267,"column":52}},"loc":{"start":{"line":267,"column":71},"end":{"line":289,"column":1}},"line":267},"11":{"name":"(anonymous_11)","decl":{"start":{"line":294,"column":4},"end":{"line":294,"column":5}},"loc":{"start":{"line":294,"column":24},"end":{"line":303,"column":5}},"line":294}},"branchMap":{"0":{"loc":{"start":{"line":84,"column":42},"end":{"line":84,"column":71}},"type":"binary-expr","locations":[{"start":{"line":84,"column":42},"end":{"line":84,"column":63}},{"start":{"line":84,"column":67},"end":{"line":84,"column":71}}],"line":84},"1":{"loc":{"start":{"line":85,"column":41},"end":{"line":85,"column":69}},"type":"binary-expr","locations":[{"start":{"line":85,"column":41},"end":{"line":85,"column":61}},{"start":{"line":85,"column":65},"end":{"line":85,"column":69}}],"line":85},"2":{"loc":{"start":{"line":88,"column":12},"end":{"line":129,"column":13}},"type":"if","locations":[{"start":{"line":88,"column":12},"end":{"line":129,"column":13}},{"start":{"line":117,"column":19},"end":{"line":129,"column":13}}],"line":88},"3":{"loc":{"start":{"line":93,"column":16},"end":{"line":116,"column":17}},"type":"if","locations":[{"start":{"line":93,"column":16},"end":{"line":116,"column":17}},{"start":{"line":104,"column":23},"end":{"line":116,"column":17}}],"line":93},"4":{"loc":{"start":{"line":131,"column":12},"end":{"line":151,"column":13}},"type":"if","locations":[{"start":{"line":131,"column":12},"end":{"line":151,"column":13}},{"start":{},"end":{}}],"line":131},"5":{"loc":{"start":{"line":131,"column":16},"end":{"line":131,"column":76}},"type":"binary-expr","locations":[{"start":{"line":131,"column":16},"end":{"line":131,"column":25}},{"start":{"line":131,"column":29},"end":{"line":131,"column":45}},{"start":{"line":131,"column":49},"end":{"line":131,"column":76}}],"line":131},"6":{"loc":{"start":{"line":132,"column":16},"end":{"line":137,"column":17}},"type":"if","locations":[{"start":{"line":132,"column":16},"end":{"line":137,"column":17}},{"start":{},"end":{}}],"line":132},"7":{"loc":{"start":{"line":153,"column":12},"end":{"line":173,"column":13}},"type":"if","locations":[{"start":{"line":153,"column":12},"end":{"line":173,"column":13}},{"start":{},"end":{}}],"line":153},"8":{"loc":{"start":{"line":153,"column":16},"end":{"line":153,"column":55}},"type":"binary-expr","locations":[{"start":{"line":153,"column":16},"end":{"line":153,"column":28}},{"start":{"line":153,"column":32},"end":{"line":153,"column":55}}],"line":153},"9":{"loc":{"start":{"line":154,"column":16},"end":{"line":159,"column":17}},"type":"if","locations":[{"start":{"line":154,"column":16},"end":{"line":159,"column":17}},{"start":{},"end":{}}],"line":154},"10":{"loc":{"start":{"line":175,"column":12},"end":{"line":195,"column":13}},"type":"if","locations":[{"start":{"line":175,"column":12},"end":{"line":195,"column":13}},{"start":{},"end":{}}],"line":175},"11":{"loc":{"start":{"line":175,"column":16},"end":{"line":175,"column":53}},"type":"binary-expr","locations":[{"start":{"line":175,"column":16},"end":{"line":175,"column":27}},{"start":{"line":175,"column":31},"end":{"line":175,"column":53}}],"line":175},"12":{"loc":{"start":{"line":176,"column":16},"end":{"line":181,"column":17}},"type":"if","locations":[{"start":{"line":176,"column":16},"end":{"line":181,"column":17}},{"start":{},"end":{}}],"line":176},"13":{"loc":{"start":{"line":210,"column":8},"end":{"line":214,"column":9}},"type":"if","locations":[{"start":{"line":210,"column":8},"end":{"line":214,"column":9}},{"start":{},"end":{}}],"line":210},"14":{"loc":{"start":{"line":240,"column":8},"end":{"line":244,"column":9}},"type":"if","locations":[{"start":{"line":240,"column":8},"end":{"line":244,"column":9}},{"start":{},"end":{}}],"line":240},"15":{"loc":{"start":{"line":270,"column":8},"end":{"line":274,"column":9}},"type":"if","locations":[{"start":{"line":270,"column":8},"end":{"line":274,"column":9}},{"start":{},"end":{}}],"line":270},"16":{"loc":{"start":{"line":278,"column":8},"end":{"line":280,"column":9}},"type":"if","locations":[{"start":{"line":278,"column":8},"end":{"line":280,"column":9}},{"start":{},"end":{}}],"line":278}},"s":{"0":1,"1":1,"2":1,"3":1,"4":1,"5":1,"6":1,"7":1,"8":0,"9":0,"10":1,"11":1,"12":0,"13":0,"14":0,"15":0,"16":1,"17":0,"18":0,"19":0,"20":0,"21":1,"22":0,"23":0,"24":0,"25":0,"26":0,"27":0,"28":0,"29":0,"30":0,"31":0,"32":0,"33":0,"34":0,"35":0,"36":0,"37":0,"38":0,"39":0,"40":0,"41":0,"42":0,"43":0,"44":0,"45":0,"46":0,"47":0,"48":0,"49":0,"50":0,"51":1,"52":0,"53":0,"54":0,"55":0,"56":0,"57":0,"58":0,"59":1,"60":0,"61":0,"62":0,"63":0,"64":0,"65":0,"66":0,"67":1,"68":0,"69":0,"70":0,"71":0,"72":0,"73":0,"74":0,"75":0,"76":0,"77":0,"78":1,"79":0,"80":0,"81":0,"82":0,"83":1},"f":{"0":0,"1":0,"2":0,"3":0,"4":0,"5":0,"6":0,"7":0,"8":0,"9":0,"10":0,"11":0},"b":{"0":[0,0],"1":[0,0],"2":[0,0],"3":[0,0],"4":[0,0],"5":[0,0,0],"6":[0,0],"7":[0,0],"8":[0,0],"9":[0,0],"10":[0,0],"11":[0,0],"12":[0,0],"13":[0,0],"14":[0,0],"15":[0,0],"16":[0,0]},"_coverageSchema":"1a1c01bbd47fc00a2c39e90264f33305004495a9","hash":"88a313c25b535a43e6208bf969861ae9fb96653d"}
}
